<?xml version="1.0" encoding="UTF-8"?>
<!-- Generated by org.testng.reporters.JUnitReportReporter -->
<testsuite hostname="sudhakar-PC" failures="0" tests="3" name="SamSung.Test8" time="57.828" errors="0" timestamp="17 Mar 2019 00:44:11 GMT" skipped="0">
  <testcase classname="SamSung.Test8" name="TC03" time="19.993"/>
  <testcase classname="SamSung.Test8" name="TC02" time="18.492"/>
  <testcase classname="SamSung.Test8" name="TC01" time="19.343"/>
</testsuite> <!-- SamSung.Test8 -->
