<?xml version="1.0" encoding="UTF-8"?>
<!-- Generated by org.testng.reporters.JUnitReportReporter -->
<testsuite hostname="sudhakar-PC" failures="0" tests="2" name="SamSung.Actions125" time="169.397" errors="0" timestamp="10 Mar 2019 06:18:48 GMT" skipped="0">
  <testcase classname="SamSung.Actions125" name="TC03" time="85.549"/>
  <testcase classname="SamSung.Actions125" name="TC04" time="83.848"/>
</testsuite> <!-- SamSung.Actions125 -->
