<?xml version="1.0" encoding="UTF-8"?>
<!-- Generated by org.testng.reporters.JUnitReportReporter -->
<testsuite hostname="sudhakar-PC" failures="0" tests="1" name="SamSung.Actions126" time="0.000" errors="0" timestamp="10 Mar 2019 05:09:27 GMT" skipped="0">
  <testcase classname="SamSung.Actions126" name="TC08" time="0.000"/>
</testsuite> <!-- SamSung.Actions126 -->
