<?xml version="1.0" encoding="UTF-8"?>
<!-- Generated by org.testng.reporters.JUnitReportReporter -->
<testsuite hostname="sudhakar-PC" failures="0" tests="1" name="SamSung.Actions124" time="24.596" errors="0" timestamp="11 Mar 2019 02:58:40 GMT" skipped="0">
  <testcase classname="SamSung.Actions124" name="Call_TC01" time="24.596"/>
</testsuite> <!-- SamSung.Actions124 -->
