<?xml version="1.0" encoding="UTF-8"?>
<!-- Generated by org.testng.reporters.JUnitReportReporter -->
<testsuite hostname="sudhakar-PC" failures="0" tests="1" name="SamSung.MercuryDataDriverExecute3" time="87.985" errors="0" timestamp="13 Mar 2019 00:26:38 GMT" skipped="0">
  <testcase classname="SamSung.MercuryDataDriverExecute3" name="Execute_Sessions" time="87.985"/>
</testsuite> <!-- SamSung.MercuryDataDriverExecute3 -->
