<?xml version="1.0" encoding="UTF-8"?>
<!-- Generated by org.testng.reporters.JUnitReportReporter -->
<testsuite hostname="sudhakar-PC" failures="0" tests="2" name="SamSung.Actions127" time="0.000" errors="0" timestamp="11 Mar 2019 02:41:43 GMT" skipped="0">
  <testcase classname="SamSung.Actions127" name="TC01" time="0.000"/>
  <testcase classname="SamSung.Actions127" name="TC02" time="0.000"/>
</testsuite> <!-- SamSung.Actions127 -->
