<?xml version="1.0" encoding="UTF-8"?>
<!-- Generated by org.testng.reporters.JUnitReportReporter -->
<testsuite hostname="sudhakar-PC" failures="0" tests="2" name="SamSung.Test7" time="49.088" errors="0" timestamp="15 Mar 2019 08:12:23 GMT" skipped="0">
  <testcase classname="SamSung.Test7" name="MyHtm5" time="14.613"/>
  <testcase classname="SamSung.Test7" name="MyHtm4" time="34.475"/>
</testsuite> <!-- SamSung.Test7 -->
