<?xml version="1.0" encoding="UTF-8"?>
<!-- Generated by org.testng.reporters.JUnitReportReporter -->
<testsuite hostname="sudhakar-PC" failures="0" tests="1" name="PDFLAB.RightClickExample" time="14.046" errors="0" timestamp="02 Feb 2019 14:17:55 GMT" skipped="0">
  <testcase classname="PDFLAB.RightClickExample" name="rightClickTest" time="14.046"/>
</testsuite> <!-- PDFLAB.RightClickExample -->
