<?xml version="1.0" encoding="UTF-8"?>
<!-- Generated by org.testng.reporters.JUnitReportReporter -->
<testsuite hostname="sudhakar-PC" failures="0" tests="1" name="SamSung.TestNGXML" time="0.907" errors="0" timestamp="17 Mar 2019 23:29:56 GMT" skipped="0">
  <testcase classname="SamSung.TestNGXML" name="TestNG_Generate" time="0.907"/>
</testsuite> <!-- SamSung.TestNGXML -->
