<?xml version="1.0" encoding="UTF-8"?>
<!-- Generated by org.testng.reporters.JUnitReportReporter -->
<testsuite hostname="sudhakar-PC" failures="0" tests="2" name="SamSung.TestHTMLReporter2" time="41.267" errors="0" timestamp="24 Feb 2019 11:48:39 GMT" skipped="0">
  <testcase classname="SamSung.TestHTMLReporter2" name="MyHtml" time="9.889"/>
  <testcase classname="SamSung.TestHTMLReporter2" name="MyHtm2" time="31.378"/>
</testsuite> <!-- SamSung.TestHTMLReporter2 -->
