<?xml version="1.0" encoding="UTF-8"?>
<!-- Generated by org.testng.reporters.JUnitReportReporter -->
<testsuite hostname="sudhakar-PC" failures="0" tests="1" name="MercuryDemoTours13.DriverTest123" time="0.781" errors="0" timestamp="14 Feb 2019 01:52:01 GMT" skipped="0">
  <testcase classname="MercuryDemoTours13.DriverTest123" name="Hello" time="0.781"/>
</testsuite> <!-- MercuryDemoTours13.DriverTest123 -->
