<?xml version="1.0" encoding="UTF-8"?>
<!-- Generated by org.testng.reporters.JUnitReportReporter -->
<testsuite hostname="sudhakar-PC" failures="0" tests="3" name="Mango.Test1" time="37.787" errors="0" timestamp="08 Feb 2019 00:01:00 GMT" skipped="0">
  <testcase classname="Mango.Test1" name="Session1" time="15.739"/>
  <testcase classname="Mango.Test1" name="Session3" time="12.203"/>
  <testcase classname="Mango.Test1" name="Session2" time="9.845"/>
</testsuite> <!-- Mango.Test1 -->
