<?xml version="1.0" encoding="UTF-8"?>
<!-- Generated by org.testng.reporters.JUnitReportReporter -->
<testsuite hostname="sudhakar-PC" failures="0" tests="1" name="Tomato3.Banana4" time="28.753" errors="0" timestamp="11 Feb 2019 05:15:13 GMT" skipped="0">
  <testcase classname="Tomato3.Banana4" name="datadriver" time="28.753"/>
</testsuite> <!-- Tomato3.Banana4 -->
