<?xml version="1.0" encoding="UTF-8"?>
<!-- Generated by org.testng.reporters.JUnitReportReporter -->
<testsuite hostname="sudhakar-PC" failures="0" tests="1" name="Tomato5.Banana1" time="27.633" errors="0" timestamp="16 Feb 2019 04:15:35 GMT" skipped="0">
  <testcase classname="Tomato5.Banana1" name="allmethods" time="27.633"/>
</testsuite> <!-- Tomato5.Banana1 -->
