<?xml version="1.0" encoding="UTF-8"?>
<!-- Generated by org.testng.reporters.JUnitReportReporter -->
<testsuite hostname="sudhakar-PC" failures="0" tests="1" name="Tomato2.MercuryIterate" time="47.855" errors="0" timestamp="10 Feb 2019 11:28:52 GMT" skipped="0">
  <testcase classname="Tomato2.MercuryIterate" name="Execute_Sessions" time="47.855"/>
</testsuite> <!-- Tomato2.MercuryIterate -->
