<?xml version="1.0" encoding="UTF-8"?>
<!-- Generated by org.testng.reporters.JUnitReportReporter -->
<testsuite hostname="sudhakar-PC" failures="0" tests="2" name="Tomato.Tomato5" time="160.215" errors="0" timestamp="06 Feb 2019 22:07:04 GMT" skipped="0">
  <testcase classname="Tomato.Tomato5" name="ExecuteSession1" time="89.438"/>
  <testcase classname="Tomato.Tomato5" name="ExecuteSession2" time="70.777"/>
</testsuite> <!-- Tomato.Tomato5 -->
