<?xml version="1.0" encoding="UTF-8"?>
<!-- Generated by org.testng.reporters.JUnitReportReporter -->
<testsuite hostname="sudhakar-PC" failures="0" tests="1" name="visali.HTML_REPORTING" time="0.031" errors="0" timestamp="19 Feb 2019 15:33:38 GMT" skipped="0">
  <testcase classname="visali.HTML_REPORTING" name="setBaseURL" time="0.031"/>
</testsuite> <!-- visali.HTML_REPORTING -->
