<?xml version="1.0" encoding="UTF-8"?>
<!-- Generated by org.testng.reporters.JUnitReportReporter -->
<testsuite hostname="sudhakar-PC" failures="0" tests="1" name="Tomato2.TC02" time="12.632" errors="0" timestamp="10 Feb 2019 00:46:39 GMT" skipped="0">
  <testcase classname="Tomato2.TC02" name="TC02_Chrome" time="12.632"/>
</testsuite> <!-- Tomato2.TC02 -->
