<?xml version="1.0" encoding="UTF-8"?>
<!-- Generated by org.testng.reporters.JUnitReportReporter -->
<testsuite hostname="sudhakar-PC" failures="0" tests="1" name="SamSung.TestNGMainClass3" time="77.761" errors="0" timestamp="17 Mar 2019 23:45:16 GMT" skipped="0">
  <testcase classname="SamSung.TestNGMainClass3" name="TCMAIN" time="77.761"/>
</testsuite> <!-- SamSung.TestNGMainClass3 -->
