<?xml version="1.0" encoding="UTF-8"?>
<!-- Generated by org.testng.reporters.JUnitReportReporter -->
<testsuite hostname="sudhakar-PC" failures="0" tests="1" name="SamSung.ExcelToHtml" time="0.062" errors="0" timestamp="18 Feb 2019 15:16:36 GMT" skipped="0">
  <testcase classname="SamSung.ExcelToHtml" name="Fileupload" time="0.062"/>
</testsuite> <!-- SamSung.ExcelToHtml -->
