<?xml version="1.0" encoding="UTF-8"?>
<!-- Generated by org.testng.reporters.JUnitReportReporter -->
<testsuite hostname="sudhakar-PC" failures="0" tests="1" name="SamSung.Test8" time="1.202" errors="0" timestamp="17 Mar 2019 10:27:50 GMT" skipped="0">
  <testcase classname="SamSung.Test8" name="AftersuiteSetup2" time="1.202"/>
</testsuite> <!-- SamSung.Test8 -->
