<?xml version="1.0" encoding="UTF-8"?>
<!-- Generated by org.testng.reporters.JUnitReportReporter -->
<testsuite hostname="sudhakar-PC" failures="0" tests="1" name="apple.apple1" time="44.660" errors="0" timestamp="06 Feb 2019 06:39:00 GMT" skipped="0">
  <testcase classname="apple.apple1" name="DatadrivenTest" time="44.660"/>
</testsuite> <!-- apple.apple1 -->
