<?xml version="1.0" encoding="UTF-8"?>
<!-- Generated by org.testng.reporters.JUnitReportReporter -->
<testsuite hostname="sudhakar-PC" failures="0" tests="1" name="SamSung.Test6" time="0.064" errors="0" timestamp="06 Mar 2019 15:53:29 GMT" skipped="0">
  <testcase classname="SamSung.Test6" name="hello" time="0.064"/>
</testsuite> <!-- SamSung.Test6 -->
