<?xml version="1.0" encoding="UTF-8"?>
<!-- Generated by org.testng.reporters.JUnitReportReporter -->
<testsuite hostname="sudhakar-PC" failures="0" tests="1" name="Tomato4.OR2" time="0.032" errors="0" timestamp="14 Feb 2019 00:41:17 GMT" skipped="0">
  <testcase classname="Tomato4.OR2" name="main" time="0.032"/>
</testsuite> <!-- Tomato4.OR2 -->
