<?xml version="1.0" encoding="UTF-8"?>
<!-- Generated by org.testng.reporters.JUnitReportReporter -->
<testsuite hostname="sudhakar-PC" failures="0" tests="1" name="Swapna.Banana2" time="0.026" errors="0" timestamp="16 Feb 2019 04:38:42 GMT" skipped="0">
  <testcase classname="Swapna.Banana2" name="Hello" time="0.026"/>
</testsuite> <!-- Swapna.Banana2 -->
