<?xml version="1.0" encoding="UTF-8"?>
<!-- Generated by org.testng.reporters.JUnitReportReporter -->
<testsuite hostname="sudhakar-PC" failures="0" tests="1" name="Tomato4.Banana4" time="27.079" errors="0" timestamp="11 Feb 2019 23:16:33 GMT" skipped="0">
  <testcase classname="Tomato4.Banana4" name="datadriver" time="27.079"/>
</testsuite> <!-- Tomato4.Banana4 -->
