<?xml version="1.0" encoding="UTF-8"?>
<!-- Generated by org.testng.reporters.JUnitReportReporter -->
<testsuite hostname="sudhakar-PC" failures="0" tests="2" name="Tomato.Tomato6" time="72.806" errors="0" timestamp="07 Feb 2019 01:16:53 GMT" skipped="0">
  <testcase classname="Tomato.Tomato6" name="ExecuteSession1" time="41.084"/>
  <testcase classname="Tomato.Tomato6" name="ExecuteSession2" time="31.722"/>
</testsuite> <!-- Tomato.Tomato6 -->
