<?xml version="1.0" encoding="UTF-8"?>
<!-- Generated by org.testng.reporters.JUnitReportReporter -->
<testsuite hostname="sudhakar-PC" failures="0" tests="1" name="PDFLAB1.RightClickExample" time="2.007" errors="0" timestamp="03 Feb 2019 13:27:11 GMT" skipped="0">
  <testcase classname="PDFLAB1.RightClickExample" name="rightClickTest" time="2.007"/>
</testsuite> <!-- PDFLAB1.RightClickExample -->
