<?xml version="1.0" encoding="UTF-8"?>
<!-- Generated by org.testng.reporters.JUnitReportReporter -->
<testsuite hostname="sudhakar-PC" failures="0" tests="1" name="Swapna3.Basic2" time="0.025" errors="0" timestamp="15 Feb 2019 04:25:05 GMT" skipped="0">
  <testcase classname="Swapna3.Basic2" name="Allmethods" time="0.025"/>
</testsuite> <!-- Swapna3.Basic2 -->
