<?xml version="1.0" encoding="UTF-8"?>
<!-- Generated by org.testng.reporters.JUnitReportReporter -->
<testsuite hostname="sudhakar-PC" failures="0" tests="1" name="Swapna.Banana1" time="0.016" errors="0" timestamp="16 Feb 2019 09:18:52 GMT" skipped="0">
  <testcase classname="Swapna.Banana1" name="allmethods" time="0.016"/>
</testsuite> <!-- Swapna.Banana1 -->
