<?xml version="1.0" encoding="UTF-8"?>
<!-- Generated by org.testng.reporters.JUnitReportReporter -->
<testsuite hostname="sudhakar-PC" failures="0" tests="1" name="Tomato4.DriverScript" time="152.696" errors="0" timestamp="13 Feb 2019 15:29:38 GMT" skipped="0">
  <testcase classname="Tomato4.DriverScript" name="MercuryParllal" time="152.696"/>
</testsuite> <!-- Tomato4.DriverScript -->
