<?xml version="1.0" encoding="UTF-8"?>
<!-- Generated by org.testng.reporters.JUnitReportReporter -->
<testsuite hostname="sudhakar-PC" failures="0" tests="1" name="Reporting.TestHTMLReporter2" time="0.093" errors="0" timestamp="23 Feb 2019 12:35:40 GMT" skipped="0">
  <testcase classname="Reporting.TestHTMLReporter2" name="MyHtml" time="0.093"/>
</testsuite> <!-- Reporting.TestHTMLReporter2 -->
