<?xml version="1.0" encoding="UTF-8"?>
<!-- Generated by org.testng.reporters.JUnitReportReporter -->
<testsuite hostname="sudhakar-PC" failures="0" tests="2" name="Tomato.apple3" time="99.269" errors="0" timestamp="04 Feb 2019 04:05:18 GMT" skipped="0">
  <testcase classname="Tomato.apple3" name="openBrowser2" time="31.606"/>
  <testcase classname="Tomato.apple3" name="openBrowser1" time="67.663"/>
</testsuite> <!-- Tomato.apple3 -->
