<?xml version="1.0" encoding="UTF-8"?>
<!-- Generated by org.testng.reporters.JUnitReportReporter -->
<testsuite hostname="sudhakar-PC" failures="0" tests="1" name="Tomato5.Banana5" time="99.888" errors="0" timestamp="12 Feb 2019 00:39:19 GMT" skipped="0">
  <testcase classname="Tomato5.Banana5" name="datadriver" time="99.888"/>
</testsuite> <!-- Tomato5.Banana5 -->
