<?xml version="1.0" encoding="UTF-8"?>
<!-- Generated by org.testng.reporters.JUnitReportReporter -->
<testsuite hostname="sudhakar-PC" failures="0" tests="1" name="SamSung.TestNGMainClass2" time="0.313" errors="0" timestamp="11 Mar 2019 01:19:06 GMT" skipped="0">
  <testcase classname="SamSung.TestNGMainClass2" name="TCMAIN" time="0.313"/>
</testsuite> <!-- SamSung.TestNGMainClass2 -->
