<?xml version="1.0" encoding="UTF-8"?>
<!-- Generated by org.testng.reporters.JUnitReportReporter -->
<testsuite hostname="sudhakar-PC" failures="0" tests="1" name="Tomato2.MercuryLogin" time="54.128" errors="0" timestamp="10 Feb 2019 11:18:11 GMT" skipped="0">
  <testcase classname="Tomato2.MercuryLogin" name="Execute_Sessions" time="54.128"/>
</testsuite> <!-- Tomato2.MercuryLogin -->
