<?xml version="1.0" encoding="UTF-8"?>
<!-- Generated by org.testng.reporters.JUnitReportReporter -->
<testsuite hostname="sudhakar-PC" failures="0" tests="1" name="Swapna3.Basic" time="0.030" errors="0" timestamp="15 Feb 2019 04:53:59 GMT" skipped="0">
  <testcase classname="Swapna3.Basic" name="Mercury" time="0.030"/>
</testsuite> <!-- Swapna3.Basic -->
