<?xml version="1.0" encoding="UTF-8"?>
<!-- Generated by org.testng.reporters.JUnitReportReporter -->
<testsuite hostname="sudhakar-PC" failures="0" tests="1" name="SamSung.MercuryDataDriverExecute4" time="84.111" errors="0" timestamp="14 Mar 2019 01:20:30 GMT" skipped="0">
  <testcase classname="SamSung.MercuryDataDriverExecute4" name="Execute_Sessions" time="84.111"/>
</testsuite> <!-- SamSung.MercuryDataDriverExecute4 -->
