<?xml version="1.0" encoding="UTF-8"?>
<!-- Generated by org.testng.reporters.JUnitReportReporter -->
<testsuite hostname="sudhakar-PC" failures="0" tests="1" name="SamSung.FileUpload" time="34.381" errors="0" timestamp="18 Feb 2019 00:13:39 GMT" skipped="0">
  <testcase classname="SamSung.FileUpload" name="Fileupload" time="34.381"/>
</testsuite> <!-- SamSung.FileUpload -->
