<?xml version="1.0" encoding="UTF-8"?>
<!-- Generated by org.testng.reporters.JUnitReportReporter -->
<testsuite hostname="sudhakar-PC" failures="0" tests="1" name="Banana.Banana4" time="71.393" errors="0" timestamp="10 Feb 2019 10:23:15 GMT" skipped="0">
  <testcase classname="Banana.Banana4" name="DatadrivenTest" time="71.393"/>
</testsuite> <!-- Banana.Banana4 -->
