<?xml version="1.0" encoding="UTF-8"?>
<!-- Generated by org.testng.reporters.JUnitReportReporter -->
<testsuite hostname="sudhakar-PC" failures="0" tests="1" name="SamSung.AddEmp" time="54.324" errors="0" timestamp="17 Mar 2019 15:40:59 GMT" skipped="0">
  <testcase classname="SamSung.AddEmp" name="AddEmp_datadriventest" time="54.324"/>
</testsuite> <!-- SamSung.AddEmp -->
