<?xml version="1.0" encoding="UTF-8"?>
<!-- Generated by org.testng.reporters.JUnitReportReporter -->
<testsuite hostname="sudhakar-PC" failures="0" tests="1" name="MercuryDemoTours13.MercuryDataDriverExecute2" time="1.142" errors="0" timestamp="14 Feb 2019 03:24:25 GMT" skipped="0">
  <testcase classname="MercuryDemoTours13.MercuryDataDriverExecute2" name="Execute_Sessions" time="1.142"/>
</testsuite> <!-- MercuryDemoTours13.MercuryDataDriverExecute2 -->
