<?xml version="1.0" encoding="UTF-8"?>
<!-- Generated by org.testng.reporters.JUnitReportReporter -->
<testsuite hostname="sudhakar-PC" failures="0" tests="1" name="SamSung.MercuryDataDriverExecute2" time="152.948" errors="0" timestamp="05 Mar 2019 03:11:33 GMT" skipped="0">
  <testcase classname="SamSung.MercuryDataDriverExecute2" name="Execute_Sessions" time="152.948"/>
</testsuite> <!-- SamSung.MercuryDataDriverExecute2 -->
