<?xml version="1.0" encoding="UTF-8"?>
<!-- Generated by org.testng.reporters.JUnitReportReporter -->
<testsuite hostname="sudhakar-PC" failures="0" tests="1" name="Tomato2.DriverScript" time="69.178" errors="0" timestamp="11 Feb 2019 03:28:07 GMT" skipped="0">
  <testcase classname="Tomato2.DriverScript" name="MercuryParllal" time="69.178"/>
</testsuite> <!-- Tomato2.DriverScript -->
