<?xml version="1.0" encoding="UTF-8"?>
<!-- Generated by org.testng.reporters.JUnitReportReporter -->
<testsuite hostname="sudhakar-PC" failures="0" tests="1" name="Mango1.Test1" time="149.338" errors="0" timestamp="08 Feb 2019 03:37:29 GMT" skipped="0">
  <testcase classname="Mango1.Test1" name="Session1" time="149.338"/>
</testsuite> <!-- Mango1.Test1 -->
