<?xml version="1.0" encoding="UTF-8"?>
<!-- Generated by org.testng.reporters.JUnitReportReporter -->
<testsuite hostname="sudhakar-PC" failures="0" tests="1" name="DharmajaBasic1.Facebook2" time="30.500" errors="0" timestamp="06 Feb 2019 16:06:43 GMT" skipped="0">
  <testcase classname="DharmajaBasic1.Facebook2" name="b_verifyHomepageTitle" time="30.500"/>
</testsuite> <!-- DharmajaBasic1.Facebook2 -->
