<?xml version="1.0" encoding="UTF-8"?>
<!-- Generated by org.testng.reporters.JUnitReportReporter -->
<testsuite hostname="sudhakar-PC" failures="0" tests="1" name="Swapna.OR2" time="0.024" errors="0" timestamp="16 Feb 2019 05:33:55 GMT" skipped="0">
  <testcase classname="Swapna.OR2" name="Hello" time="0.024"/>
</testsuite> <!-- Swapna.OR2 -->
