<?xml version="1.0" encoding="UTF-8"?>
<!-- Generated by org.testng.reporters.JUnitReportReporter -->
<testsuite hostname="sudhakar-PC" failures="0" tests="1" name="MercuryDemoTours13.MercuryDataDriverExecute" time="1.534" errors="0" timestamp="14 Feb 2019 02:25:30 GMT" skipped="0">
  <testcase classname="MercuryDemoTours13.MercuryDataDriverExecute" name="Execute_Sessions" time="1.534"/>
</testsuite> <!-- MercuryDemoTours13.MercuryDataDriverExecute -->
