<?xml version="1.0" encoding="UTF-8"?>
<!-- Generated by org.testng.reporters.JUnitReportReporter -->
<testsuite hostname="sudhakar-PC" failures="0" tests="2" name="Tomato.DriverScript" time="271.449" errors="0" timestamp="07 Feb 2019 04:05:52 GMT" skipped="0">
  <testcase classname="Tomato.DriverScript" name="ExecuteSession2" time="120.579"/>
  <testcase classname="Tomato.DriverScript" name="ExecuteSession1" time="150.870"/>
</testsuite> <!-- Tomato.DriverScript -->
