<?xml version="1.0" encoding="UTF-8"?>
<!-- Generated by org.testng.reporters.JUnitReportReporter -->
<testsuite hostname="sudhakar-PC" failures="0" tests="1" name="DharmajaBasic1.Facebook" time="24.508" errors="0" timestamp="06 Feb 2019 04:11:10 GMT" skipped="0">
  <testcase classname="DharmajaBasic1.Facebook" name="b_verifyHomepageTitle" time="24.508"/>
</testsuite> <!-- DharmajaBasic1.Facebook -->
