<?xml version="1.0" encoding="UTF-8"?>
<!-- Generated by org.testng.reporters.JUnitReportReporter -->
<testsuite hostname="sudhakar-PC" failures="0" tests="1" name="apple.apple4" time="46.103" errors="0" timestamp="08 Feb 2019 08:36:37 GMT" skipped="0">
  <testcase classname="apple.apple4" name="DatadrivenTest" time="46.103"/>
</testsuite> <!-- apple.apple4 -->
