<?xml version="1.0" encoding="UTF-8"?>
<!-- Generated by org.testng.reporters.JUnitReportReporter -->
<testsuite hostname="sudhakar-PC" failures="0" tests="3" name="Tomato.apple1" time="215.027" errors="0" timestamp="04 Feb 2019 16:06:21 GMT" skipped="0">
  <testcase classname="Tomato.apple1" name="ExecuteSession1" time="71.686"/>
  <testcase classname="Tomato.apple1" name="ExecuteSession3" time="71.639"/>
  <testcase classname="Tomato.apple1" name="ExecuteSession2" time="71.702"/>
</testsuite> <!-- Tomato.apple1 -->
