<?xml version="1.0" encoding="UTF-8"?>
<!-- Generated by org.testng.reporters.JUnitReportReporter -->
<testsuite hostname="sudhakar-PC" failures="0" tests="1" name="Tomato2.Tomato6" time="83.919" errors="0" timestamp="08 Feb 2019 16:15:16 GMT" skipped="0">
  <testcase classname="Tomato2.Tomato6" name="TC02" time="83.919"/>
</testsuite> <!-- Tomato2.Tomato6 -->
