<?xml version="1.0" encoding="UTF-8"?>
<!-- Generated by org.testng.reporters.JUnitReportReporter -->
<testsuite hostname="sudhakar-PC" failures="0" tests="3" name="SamSung.Test5" time="52.011" errors="0" timestamp="06 Mar 2019 02:07:09 GMT" skipped="0">
  <testcase classname="SamSung.Test5" name="MyHtm2" time="15.839"/>
  <testcase classname="SamSung.Test5" name="MyHtm3" time="12.996"/>
  <testcase classname="SamSung.Test5" name="MyHtm1" time="23.176"/>
</testsuite> <!-- SamSung.Test5 -->
