<?xml version="1.0" encoding="UTF-8"?>
<!-- Generated by org.testng.reporters.JUnitReportReporter -->
<testsuite hostname="sudhakar-PC" failures="0" tests="3" name="SamSung.TestHTMLReporter3" time="120.003" errors="0" timestamp="05 Mar 2019 13:57:58 GMT" skipped="0">
  <testcase classname="SamSung.TestHTMLReporter3" name="MyHtm1" time="35.092"/>
  <testcase classname="SamSung.TestHTMLReporter3" name="MyHtm2" time="21.366"/>
  <testcase classname="SamSung.TestHTMLReporter3" name="MyHtm3" time="63.545"/>
</testsuite> <!-- SamSung.TestHTMLReporter3 -->
