<?xml version="1.0" encoding="UTF-8"?>
<!-- Generated by org.testng.reporters.JUnitReportReporter -->
<testsuite hostname="sudhakar-PC" failures="0" tests="1" name="Tomato.apple4" time="102.547" errors="0" timestamp="06 Feb 2019 21:06:49 GMT" skipped="0">
  <testcase classname="Tomato.apple4" name="ExecuteSession1" time="102.547"/>
</testsuite> <!-- Tomato.apple4 -->
